<?xml version="1.0" encoding="UTF-8"?>
<!-- Generated by org.testng.reporters.JUnitReportReporter -->
<testsuite hostname="IND289" failures="0" tests="1" name="tests.Test_01" time="77.238" errors="0" timestamp="2021-05-12T19:24:43 IST" skipped="0">
  <testcase classname="tests.Test_01" name="test1" time="77.238"/>
  <system-out/>
</testsuite> <!-- tests.Test_01 -->
